2025-12-22 00:41:58,905 - train_isolation_forest - INFO - Training started
2025-12-22 00:41:58,906 - train_isolation_forest - INFO - Starting IsolationForest training
2025-12-22 00:41:59,060 - train_isolation_forest - INFO - Network dataset loaded successfully
2025-12-22 00:41:59,503 - train_isolation_forest - INFO - Model trained - Elapsed time: 0.60s
2025-12-22 00:41:59,506 - train_isolation_forest - INFO - Anomaly Percentage: 10.00%
2025-12-22 00:41:59,507 - train_isolation_forest - INFO - Anomaly Count: 10/100
2025-12-22 00:43:35,750 - train_isolation_forest - INFO - Training started
2025-12-22 00:43:35,751 - train_isolation_forest - INFO - Starting IsolationForest training
2025-12-22 00:43:35,958 - train_isolation_forest - INFO - Network dataset loaded successfully
2025-12-22 00:43:36,455 - train_isolation_forest - INFO - Model trained - Elapsed time: 0.70s
2025-12-22 00:43:36,459 - train_isolation_forest - INFO - Anomaly Percentage: 10.00%
2025-12-22 00:43:36,459 - train_isolation_forest - INFO - Anomaly Count: 10/100
2025-12-22 00:44:38,388 - train_isolation_forest - INFO - Training started
2025-12-22 00:44:38,389 - train_isolation_forest - INFO - Starting IsolationForest training
2025-12-22 00:44:38,483 - train_isolation_forest - INFO - Network dataset loaded successfully
2025-12-22 00:44:38,869 - train_isolation_forest - INFO - Model trained - Elapsed time: 0.48s
2025-12-22 00:44:38,873 - train_isolation_forest - INFO - Anomaly Percentage: 10.00%
2025-12-22 00:44:38,873 - train_isolation_forest - INFO - Anomaly Count: 10/100
2025-12-22 00:46:24,832 - train_isolation_forest - INFO - Training started
2025-12-22 00:46:24,833 - train_isolation_forest - INFO - Starting IsolationForest training
2025-12-22 00:46:24,837 - train_isolation_forest - INFO - Network dataset loaded successfully
2025-12-22 00:46:25,042 - train_isolation_forest - INFO - Model trained - Elapsed time: 0.21s
2025-12-22 00:46:25,047 - train_isolation_forest - INFO - Anomaly Percentage: 10.00%
2025-12-22 00:46:25,048 - train_isolation_forest - INFO - Anomaly Count: 10/100
2025-12-22 00:46:26,244 - train_isolation_forest - INFO - IsolationForest model trained and saved successfully
