2025-12-22 00:34:01,476 - train_ensemble - INFO - Training started
2025-12-22 00:34:01,477 - train_ensemble - INFO - Starting Ensemble Threat Model training
2025-12-22 00:36:43,925 - train_ensemble - INFO - Training started
2025-12-22 00:36:43,925 - train_ensemble - INFO - Starting Ensemble Threat Model training
2025-12-22 00:36:46,019 - train_ensemble - INFO - Datasets loaded successfully
2025-12-22 00:36:47,961 - train_ensemble - INFO - Processed url dataset
2025-12-22 00:36:47,987 - train_ensemble - INFO - Processed ip dataset
2025-12-22 00:36:47,992 - train_ensemble - INFO - Processed domain dataset
2025-12-22 00:36:48,017 - train_ensemble - INFO - Processed hash dataset
2025-12-22 00:36:48,083 - train_ensemble - INFO - Datasets combined
2025-12-22 00:36:48,503 - train_ensemble - INFO - Data scaled
2025-12-22 00:37:56,327 - train_ensemble - INFO - Ensemble model trained - Elapsed time: 72.40s
2025-12-22 00:38:00,005 - train_ensemble - INFO - Accuracy: 0.7633
2025-12-22 00:38:00,006 - train_ensemble - INFO - Precision: 0.7741
2025-12-22 00:38:00,007 - train_ensemble - INFO - Recall: 0.7633
2025-12-22 00:38:00,007 - train_ensemble - INFO - F1-Score: 0.7596
2025-12-22 00:38:00,007 - train_ensemble - INFO - Confusion Matrix:
[[50979 28252]
 [10682 74552]]
2025-12-22 00:38:12,165 - train_ensemble - INFO - Ensemble Threat Model trained and saved successfully
